# JRE version: Java(TM) SE Runtime Environment (17.0.10+11) (build 17.0.10+11-LTS-240)
# Java VM: Java HotSpot(TM) 64-Bit Server VM (17.0.10+11-LTS-240, mixed mode, sharing, tiered, compressed oops, compressed class ptrs, g1 gc, windows-amd64)
GC Precious Log:
 CPUs: 12 total, 12 available
 Memory: 15712M
 Large Page Support: Disabled
 NUMA Support: Disabled
 Compressed Oops: Enabled (Zero based)
 Heap Region Size: 2M
 Heap Min Capacity: 8M
 Heap Initial Capacity: 246M
 Heap Max Capacity: 3930M
 Pre-touch: Disabled
 Parallel Workers: 10
 Concurrent Workers: 3
 Concurrent Refinement Workers: 10
 Periodic GC: Disabled
Heap:
 garbage-first heap   total 157696K, used 104332K [0x000000070a600000, 0x0000000800000000)
  region size 2048K, 35 young (71680K), 1 survivors (2048K)
 Metaspace       used 85610K, committed 86208K, reserved 1179648K
  class space    used 11182K, committed 11456K, reserved 1048576K
GC Heap History (20 events):
Event: 5058.973 GC heap before
{Heap before GC invocations=96 (full 0):
 garbage-first heap   total 157696K, used 128770K [0x000000070a600000, 0x0000000800000000)
  region size 2048K, 46 young (94208K), 1 survivors (2048K)
 Metaspace       used 85610K, committed 86208K, reserved 1179648K
  class space    used 11182K, committed 11456K, reserved 1048576K
}
Event: 5058.975 GC heap after
{Heap after GC invocations=97 (full 0):
 garbage-first heap   total 157696K, used 38706K [0x000000070a600000, 0x0000000800000000)
  region size 2048K, 1 young (2048K), 1 survivors (2048K)
 Metaspace       used 85610K, committed 86208K, reserved 1179648K
  class space    used 11182K, committed 11456K, reserved 1048576K
}
Event: 5062.716 GC heap before
{Heap before GC invocations=97 (full 0):
 garbage-first heap   total 157696K, used 128818K [0x000000070a600000, 0x0000000800000000)
  region size 2048K, 46 young (94208K), 1 survivors (2048K)
 Metaspace       used 85610K, committed 86208K, reserved 1179648K
  class space    used 11182K, committed 11456K, reserved 1048576K
}
Event: 5062.717 GC heap after
{Heap after GC invocations=98 (full 0):
 garbage-first heap   total 157696K, used 38709K [0x000000070a600000, 0x0000000800000000)
  region size 2048K, 1 young (2048K), 1 survivors (2048K)
 Metaspace       used 85610K, committed 86208K, reserved 1179648K
  class space    used 11182K, committed 11456K, reserved 1048576K
}
Event: 5066.511 GC heap before
{Heap before GC invocations=98 (full 0):
 garbage-first heap   total 157696K, used 128821K [0x000000070a600000, 0x0000000800000000)
  region size 2048K, 46 young (94208K), 1 survivors (2048K)
 Metaspace       used 85610K, committed 86208K, reserved 1179648K
  class space    used 11182K, committed 11456K, reserved 1048576K
}
Event: 5066.512 GC heap after
{Heap after GC invocations=99 (full 0):
 garbage-first heap   total 157696K, used 38669K [0x000000070a600000, 0x0000000800000000)
  region size 2048K, 1 young (2048K), 1 survivors (2048K)
 Metaspace       used 85610K, committed 86208K, reserved 1179648K
  class space    used 11182K, committed 11456K, reserved 1048576K
}
Event: 5070.324 GC heap before
{Heap before GC invocations=99 (full 0):
 garbage-first heap   total 157696K, used 128781K [0x000000070a600000, 0x0000000800000000)
  region size 2048K, 46 young (94208K), 1 survivors (2048K)
 Metaspace       used 85610K, committed 86208K, reserved 1179648K
  class space    used 11182K, committed 11456K, reserved 1048576K
}
Event: 5070.325 GC heap after
{Heap after GC invocations=100 (full 0):
 garbage-first heap   total 157696K, used 38703K [0x000000070a600000, 0x0000000800000000)
  region size 2048K, 1 young (2048K), 1 survivors (2048K)
 Metaspace       used 85610K, committed 86208K, reserved 1179648K
  class space    used 11182K, committed 11456K, reserved 1048576K
}
Event: 5074.370 GC heap before
{Heap before GC invocations=100 (full 0):
 garbage-first heap   total 157696K, used 128815K [0x000000070a600000, 0x0000000800000000)
  region size 2048K, 46 young (94208K), 1 survivors (2048K)
 Metaspace       used 85610K, committed 86208K, reserved 1179648K
  class space    used 11182K, committed 11456K, reserved 1048576K
}
Event: 5074.371 GC heap after
{Heap after GC invocations=101 (full 0):
 garbage-first heap   total 157696K, used 38711K [0x000000070a600000, 0x0000000800000000)
  region size 2048K, 1 young (2048K), 1 survivors (2048K)
 Metaspace       used 85610K, committed 86208K, reserved 1179648K
  class space    used 11182K, committed 11456K, reserved 1048576K
}
Event: 5078.247 GC heap before
{Heap before GC invocations=101 (full 0):
 garbage-first heap   total 157696K, used 128823K [0x000000070a600000, 0x0000000800000000)
  region size 2048K, 46 young (94208K), 1 survivors (2048K)
 Metaspace       used 85610K, committed 86208K, reserved 1179648K
  class space    used 11182K, committed 11456K, reserved 1048576K
}
Event: 5078.248 GC heap after
{Heap after GC invocations=102 (full 0):
 garbage-first heap   total 157696K, used 38694K [0x000000070a600000, 0x0000000800000000)
  region size 2048K, 1 young (2048K), 1 survivors (2048K)
 Metaspace       used 85610K, committed 86208K, reserved 1179648K
  class space    used 11182K, committed 11456K, reserved 1048576K
}
Event: 5082.022 GC heap before
{Heap before GC invocations=102 (full 0):
 garbage-first heap   total 157696K, used 128806K [0x000000070a600000, 0x0000000800000000)
  region size 2048K, 46 young (94208K), 1 survivors (2048K)
 Metaspace       used 85610K, committed 86208K, reserved 1179648K
  class space    used 11182K, committed 11456K, reserved 1048576K
}
Event: 5082.023 GC heap after
{Heap after GC invocations=103 (full 0):
 garbage-first heap   total 157696K, used 38743K [0x000000070a600000, 0x0000000800000000)
  region size 2048K, 1 young (2048K), 1 survivors (2048K)
 Metaspace       used 85610K, committed 86208K, reserved 1179648K
  class space    used 11182K, committed 11456K, reserved 1048576K
}
Event: 5085.962 GC heap before
{Heap before GC invocations=103 (full 0):
 garbage-first heap   total 157696K, used 128855K [0x000000070a600000, 0x0000000800000000)
  region size 2048K, 46 young (94208K), 1 survivors (2048K)
 Metaspace       used 85610K, committed 86208K, reserved 1179648K
  class space    used 11182K, committed 11456K, reserved 1048576K
}
Event: 5085.964 GC heap after
{Heap after GC invocations=104 (full 0):
 garbage-first heap   total 157696K, used 38756K [0x000000070a600000, 0x0000000800000000)
  region size 2048K, 1 young (2048K), 1 survivors (2048K)
 Metaspace       used 85610K, committed 86208K, reserved 1179648K
  class space    used 11182K, committed 11456K, reserved 1048576K
}
Event: 5089.645 GC heap before
{Heap before GC invocations=104 (full 0):
 garbage-first heap   total 157696K, used 128868K [0x000000070a600000, 0x0000000800000000)
  region size 2048K, 46 young (94208K), 1 survivors (2048K)
 Metaspace       used 85610K, committed 86208K, reserved 1179648K
  class space    used 11182K, committed 11456K, reserved 1048576K
}
Event: 5089.647 GC heap after
{Heap after GC invocations=105 (full 0):
 garbage-first heap   total 157696K, used 38763K [0x000000070a600000, 0x0000000800000000)
  region size 2048K, 1 young (2048K), 1 survivors (2048K)
 Metaspace       used 85610K, committed 86208K, reserved 1179648K
  class space    used 11182K, committed 11456K, reserved 1048576K
}
Event: 5093.534 GC heap before
{Heap before GC invocations=105 (full 0):
 garbage-first heap   total 157696K, used 128875K [0x000000070a600000, 0x0000000800000000)
  region size 2048K, 46 young (94208K), 1 survivors (2048K)
 Metaspace       used 85610K, committed 86208K, reserved 1179648K
  class space    used 11182K, committed 11456K, reserved 1048576K
}
Event: 5093.536 GC heap after
{Heap after GC invocations=106 (full 0):
 garbage-first heap   total 157696K, used 38796K [0x000000070a600000, 0x0000000800000000)
  region size 2048K, 1 young (2048K), 1 survivors (2048K)
 Metaspace       used 85610K, committed 86208K, reserved 1179648K
  class space    used 11182K, committed 11456K, reserved 1048576K
}

